[2025-10-02T23:12:01.114+0000] {taskinstance.py:1956} INFO - Dependencies all met for dep_context=non-requeueable deps ti=<TaskInstance: sales_revenue_pipeline.create_sales_table scheduled__2025-10-01T00:00:00+00:00 [queued]>
[2025-10-02T23:12:01.144+0000] {taskinstance.py:1956} INFO - Dependencies all met for dep_context=requeueable deps ti=<TaskInstance: sales_revenue_pipeline.create_sales_table scheduled__2025-10-01T00:00:00+00:00 [queued]>
[2025-10-02T23:12:01.145+0000] {taskinstance.py:2170} INFO - Starting attempt 1 of 2
[2025-10-02T23:12:01.196+0000] {taskinstance.py:2191} INFO - Executing <Task(PythonOperator): create_sales_table> on 2025-10-01 00:00:00+00:00
[2025-10-02T23:12:01.230+0000] {standard_task_runner.py:60} INFO - Started process 250 to run task
[2025-10-02T23:12:01.283+0000] {standard_task_runner.py:87} INFO - Running: ['***', 'tasks', 'run', 'sales_revenue_pipeline', 'create_sales_table', 'scheduled__2025-10-01T00:00:00+00:00', '--job-id', '4', '--raw', '--subdir', 'DAGS_FOLDER/sales_revenue_pipeline.py', '--cfg-path', '/tmp/tmp14z6wfea']
[2025-10-02T23:12:01.338+0000] {standard_task_runner.py:88} INFO - Job 4: Subtask create_sales_table
[2025-10-02T23:12:03.291+0000] {task_command.py:423} INFO - Running <TaskInstance: sales_revenue_pipeline.create_sales_table scheduled__2025-10-01T00:00:00+00:00 [running]> on host dcf7c9b4a5d6
[2025-10-02T23:12:04.368+0000] {taskinstance.py:2480} INFO - Exporting env vars: AIRFLOW_CTX_DAG_OWNER='***' AIRFLOW_CTX_DAG_ID='sales_revenue_pipeline' AIRFLOW_CTX_TASK_ID='create_sales_table' AIRFLOW_CTX_EXECUTION_DATE='2025-10-01T00:00:00+00:00' AIRFLOW_CTX_TRY_NUMBER='1' AIRFLOW_CTX_DAG_RUN_ID='scheduled__2025-10-01T00:00:00+00:00'
[2025-10-02T23:12:04.592+0000] {base.py:83} INFO - Using connection ID 'postgres_default' for task execution.
[2025-10-02T23:12:04.670+0000] {sql.py:450} INFO - Running statement: 
    CREATE TABLE IF NOT EXISTS sales (
        id SERIAL PRIMARY KEY,
        order_date DATE NOT NULL,
        product_name VARCHAR(100),
        quantity INTEGER,
        unit_price DECIMAL(10,2),
        total_amount DECIMAL(10,2)
    );
    , parameters: None
[2025-10-02T23:12:04.853+0000] {taskinstance.py:2698} ERROR - Task failed with exception
Traceback (most recent call last):
  File "/home/airflow/.local/lib/python3.8/site-packages/airflow/models/taskinstance.py", line 433, in _execute_task
    result = execute_callable(context=context, **execute_callable_kwargs)
  File "/home/airflow/.local/lib/python3.8/site-packages/airflow/operators/python.py", line 199, in execute
    return_value = self.execute_callable()
  File "/home/airflow/.local/lib/python3.8/site-packages/airflow/operators/python.py", line 216, in execute_callable
    return self.python_callable(*self.op_args, **self.op_kwargs)
  File "/opt/airflow/dags/sales_revenue_pipeline.py", line 34, in create_sales_table
    hook.run(create_table_sql)
  File "/home/airflow/.local/lib/python3.8/site-packages/airflow/providers/common/sql/hooks/sql.py", line 398, in run
    self._run_command(cur, sql_statement, parameters)
  File "/home/airflow/.local/lib/python3.8/site-packages/airflow/providers/common/sql/hooks/sql.py", line 455, in _run_command
    cur.execute(sql_statement)
psycopg2.errors.UniqueViolation: duplicate key value violates unique constraint "pg_type_typname_nsp_index"
DETAIL:  Key (typname, typnamespace)=(sales_id_seq, 2200) already exists.

[2025-10-02T23:12:05.033+0000] {taskinstance.py:1138} INFO - Marking task as UP_FOR_RETRY. dag_id=sales_revenue_pipeline, task_id=create_sales_table, execution_date=20251001T000000, start_date=20251002T231201, end_date=20251002T231205
[2025-10-02T23:12:05.104+0000] {standard_task_runner.py:107} ERROR - Failed to execute job 4 for task create_sales_table (duplicate key value violates unique constraint "pg_type_typname_nsp_index"
DETAIL:  Key (typname, typnamespace)=(sales_id_seq, 2200) already exists.
; 250)
[2025-10-02T23:12:05.203+0000] {local_task_job_runner.py:234} INFO - Task exited with return code 1
[2025-10-02T23:12:05.302+0000] {taskinstance.py:3280} INFO - 0 downstream tasks scheduled from follow-on schedule check
