[2025-10-04T05:27:37.121+0000] {taskinstance.py:1956} INFO - Dependencies all met for dep_context=non-requeueable deps ti=<TaskInstance: sales_revenue_pipeline.create_sales_table scheduled__2025-10-03T00:00:00+00:00 [queued]>
[2025-10-04T05:27:37.136+0000] {taskinstance.py:1956} INFO - Dependencies all met for dep_context=requeueable deps ti=<TaskInstance: sales_revenue_pipeline.create_sales_table scheduled__2025-10-03T00:00:00+00:00 [queued]>
[2025-10-04T05:27:37.137+0000] {taskinstance.py:2170} INFO - Starting attempt 1 of 2
[2025-10-04T05:27:37.219+0000] {taskinstance.py:2191} INFO - Executing <Task(PythonOperator): create_sales_table> on 2025-10-03 00:00:00+00:00
[2025-10-04T05:27:37.230+0000] {standard_task_runner.py:60} INFO - Started process 1822 to run task
[2025-10-04T05:27:37.248+0000] {standard_task_runner.py:87} INFO - Running: ['***', 'tasks', 'run', 'sales_revenue_pipeline', 'create_sales_table', 'scheduled__2025-10-03T00:00:00+00:00', '--job-id', '18', '--raw', '--subdir', 'DAGS_FOLDER/sales_revenue_pipeline.py', '--cfg-path', '/tmp/tmpbsu606cc']
[2025-10-04T05:27:37.254+0000] {standard_task_runner.py:88} INFO - Job 18: Subtask create_sales_table
[2025-10-04T05:27:37.546+0000] {task_command.py:423} INFO - Running <TaskInstance: sales_revenue_pipeline.create_sales_table scheduled__2025-10-03T00:00:00+00:00 [running]> on host 06d653bd8bf1
[2025-10-04T05:27:38.247+0000] {taskinstance.py:2480} INFO - Exporting env vars: AIRFLOW_CTX_DAG_OWNER='***' AIRFLOW_CTX_DAG_ID='sales_revenue_pipeline' AIRFLOW_CTX_TASK_ID='create_sales_table' AIRFLOW_CTX_EXECUTION_DATE='2025-10-03T00:00:00+00:00' AIRFLOW_CTX_TRY_NUMBER='1' AIRFLOW_CTX_DAG_RUN_ID='scheduled__2025-10-03T00:00:00+00:00'
[2025-10-04T05:27:38.442+0000] {base.py:83} INFO - Using connection ID 'postgres_default' for task execution.
[2025-10-04T05:27:38.553+0000] {sql.py:450} INFO - Running statement: 
    CREATE TABLE IF NOT EXISTS sales (
        id SERIAL PRIMARY KEY,
        order_date DATE NOT NULL,
        product_name VARCHAR(100),
        quantity INTEGER,
        unit_price DECIMAL(10,2),
        total_amount DECIMAL(10,2)
    );
    , parameters: None
[2025-10-04T05:27:38.704+0000] {base.py:83} INFO - Using connection ID 'postgres_default' for task execution.
[2025-10-04T05:27:38.774+0000] {sql.py:450} INFO - Running statement: DELETE FROM sales;, parameters: None
[2025-10-04T05:27:38.816+0000] {sql.py:459} INFO - Rows affected: 8
[2025-10-04T05:27:38.963+0000] {base.py:83} INFO - Using connection ID 'postgres_default' for task execution.
[2025-10-04T05:27:38.999+0000] {sql.py:450} INFO - Running statement: 
    INSERT INTO sales (order_date, product_name, quantity, unit_price, total_amount)
    VALUES 
        ('2024-01-01', 'Laptop', 2, 1500.00, 3000.00),
        ('2024-01-01', 'Mouse', 5, 25.50, 127.50),
        ('2024-01-02', 'Keyboard', 3, 75.00, 225.00),
        ('2024-01-02', 'Monitor', 1, 800.00, 800.00),
        ('2024-01-03', 'Laptop', 1, 1500.00, 1500.00),
        ('2024-01-03', 'Headphones', 4, 50.00, 200.00),
        ('2024-01-04', 'Tablet', 2, 600.00, 1200.00),
        ('2024-01-04', 'Mouse', 3, 25.50, 76.50);
    , parameters: None
[2025-10-04T05:27:39.064+0000] {sql.py:459} INFO - Rows affected: 8
[2025-10-04T05:27:39.129+0000] {logging_mixin.py:188} INFO - ✅ Sales table created and data inserted
[2025-10-04T05:27:39.159+0000] {python.py:201} INFO - Done. Returned value was: None
[2025-10-04T05:27:39.400+0000] {taskinstance.py:1138} INFO - Marking task as SUCCESS. dag_id=sales_revenue_pipeline, task_id=create_sales_table, execution_date=20251003T000000, start_date=20251004T052737, end_date=20251004T052739
[2025-10-04T05:27:39.623+0000] {local_task_job_runner.py:234} INFO - Task exited with return code 0
[2025-10-04T05:27:39.954+0000] {taskinstance.py:3280} INFO - 1 downstream tasks scheduled from follow-on schedule check
