[2025-10-04T05:26:20.827+0000] {taskinstance.py:1956} INFO - Dependencies all met for dep_context=non-requeueable deps ti=<TaskInstance: sales_revenue_pipeline.create_sales_table manual__2025-10-04T05:25:53.312387+00:00 [queued]>
[2025-10-04T05:26:20.871+0000] {taskinstance.py:1956} INFO - Dependencies all met for dep_context=requeueable deps ti=<TaskInstance: sales_revenue_pipeline.create_sales_table manual__2025-10-04T05:25:53.312387+00:00 [queued]>
[2025-10-04T05:26:20.873+0000] {taskinstance.py:2170} INFO - Starting attempt 1 of 2
[2025-10-04T05:26:20.983+0000] {taskinstance.py:2191} INFO - Executing <Task(PythonOperator): create_sales_table> on 2025-10-04 05:25:53.312387+00:00
[2025-10-04T05:26:21.032+0000] {standard_task_runner.py:60} INFO - Started process 1790 to run task
[2025-10-04T05:26:21.308+0000] {standard_task_runner.py:87} INFO - Running: ['***', 'tasks', 'run', 'sales_revenue_pipeline', 'create_sales_table', 'manual__2025-10-04T05:25:53.312387+00:00', '--job-id', '13', '--raw', '--subdir', 'DAGS_FOLDER/sales_revenue_pipeline.py', '--cfg-path', '/tmp/tmpx8er7wdk']
[2025-10-04T05:26:21.429+0000] {standard_task_runner.py:88} INFO - Job 13: Subtask create_sales_table
[2025-10-04T05:26:21.752+0000] {task_command.py:423} INFO - Running <TaskInstance: sales_revenue_pipeline.create_sales_table manual__2025-10-04T05:25:53.312387+00:00 [running]> on host 06d653bd8bf1
[2025-10-04T05:26:22.023+0000] {taskinstance.py:2480} INFO - Exporting env vars: AIRFLOW_CTX_DAG_OWNER='***' AIRFLOW_CTX_DAG_ID='sales_revenue_pipeline' AIRFLOW_CTX_TASK_ID='create_sales_table' AIRFLOW_CTX_EXECUTION_DATE='2025-10-04T05:25:53.312387+00:00' AIRFLOW_CTX_TRY_NUMBER='1' AIRFLOW_CTX_DAG_RUN_ID='manual__2025-10-04T05:25:53.312387+00:00'
[2025-10-04T05:26:22.158+0000] {base.py:83} INFO - Using connection ID 'postgres_default' for task execution.
[2025-10-04T05:26:22.171+0000] {sql.py:450} INFO - Running statement: 
    CREATE TABLE IF NOT EXISTS sales (
        id SERIAL PRIMARY KEY,
        order_date DATE NOT NULL,
        product_name VARCHAR(100),
        quantity INTEGER,
        unit_price DECIMAL(10,2),
        total_amount DECIMAL(10,2)
    );
    , parameters: None
[2025-10-04T05:26:22.200+0000] {base.py:83} INFO - Using connection ID 'postgres_default' for task execution.
[2025-10-04T05:26:22.212+0000] {sql.py:450} INFO - Running statement: DELETE FROM sales;, parameters: None
[2025-10-04T05:26:22.219+0000] {sql.py:459} INFO - Rows affected: 8
[2025-10-04T05:26:22.238+0000] {base.py:83} INFO - Using connection ID 'postgres_default' for task execution.
[2025-10-04T05:26:22.248+0000] {sql.py:450} INFO - Running statement: 
    INSERT INTO sales (order_date, product_name, quantity, unit_price, total_amount)
    VALUES 
        ('2024-01-01', 'Laptop', 2, 1500.00, 3000.00),
        ('2024-01-01', 'Mouse', 5, 25.50, 127.50),
        ('2024-01-02', 'Keyboard', 3, 75.00, 225.00),
        ('2024-01-02', 'Monitor', 1, 800.00, 800.00),
        ('2024-01-03', 'Laptop', 1, 1500.00, 1500.00),
        ('2024-01-03', 'Headphones', 4, 50.00, 200.00),
        ('2024-01-04', 'Tablet', 2, 600.00, 1200.00),
        ('2024-01-04', 'Mouse', 3, 25.50, 76.50);
    , parameters: None
[2025-10-04T05:26:22.255+0000] {sql.py:459} INFO - Rows affected: 8
[2025-10-04T05:26:22.259+0000] {logging_mixin.py:188} INFO - ✅ Sales table created and data inserted
[2025-10-04T05:26:22.260+0000] {python.py:201} INFO - Done. Returned value was: None
[2025-10-04T05:26:22.280+0000] {taskinstance.py:1138} INFO - Marking task as SUCCESS. dag_id=sales_revenue_pipeline, task_id=create_sales_table, execution_date=20251004T052553, start_date=20251004T052620, end_date=20251004T052622
[2025-10-04T05:26:22.326+0000] {local_task_job_runner.py:234} INFO - Task exited with return code 0
[2025-10-04T05:26:22.378+0000] {taskinstance.py:3280} INFO - 1 downstream tasks scheduled from follow-on schedule check
