[2025-10-04T05:27:43.237+0000] {taskinstance.py:1956} INFO - Dependencies all met for dep_context=non-requeueable deps ti=<TaskInstance: sales_revenue_pipeline.calculate_daily_revenue scheduled__2025-10-03T00:00:00+00:00 [queued]>
[2025-10-04T05:27:43.255+0000] {taskinstance.py:1956} INFO - Dependencies all met for dep_context=requeueable deps ti=<TaskInstance: sales_revenue_pipeline.calculate_daily_revenue scheduled__2025-10-03T00:00:00+00:00 [queued]>
[2025-10-04T05:27:43.256+0000] {taskinstance.py:2170} INFO - Starting attempt 1 of 2
[2025-10-04T05:27:43.287+0000] {taskinstance.py:2191} INFO - Executing <Task(PythonOperator): calculate_daily_revenue> on 2025-10-03 00:00:00+00:00
[2025-10-04T05:27:43.305+0000] {standard_task_runner.py:60} INFO - Started process 1825 to run task
[2025-10-04T05:27:43.317+0000] {standard_task_runner.py:87} INFO - Running: ['***', 'tasks', 'run', 'sales_revenue_pipeline', 'calculate_daily_revenue', 'scheduled__2025-10-03T00:00:00+00:00', '--job-id', '19', '--raw', '--subdir', 'DAGS_FOLDER/sales_revenue_pipeline.py', '--cfg-path', '/tmp/tmpcezaiz8t']
[2025-10-04T05:27:43.324+0000] {standard_task_runner.py:88} INFO - Job 19: Subtask calculate_daily_revenue
[2025-10-04T05:27:43.562+0000] {task_command.py:423} INFO - Running <TaskInstance: sales_revenue_pipeline.calculate_daily_revenue scheduled__2025-10-03T00:00:00+00:00 [running]> on host 06d653bd8bf1
[2025-10-04T05:27:43.787+0000] {taskinstance.py:2480} INFO - Exporting env vars: AIRFLOW_CTX_DAG_OWNER='***' AIRFLOW_CTX_DAG_ID='sales_revenue_pipeline' AIRFLOW_CTX_TASK_ID='calculate_daily_revenue' AIRFLOW_CTX_EXECUTION_DATE='2025-10-03T00:00:00+00:00' AIRFLOW_CTX_TRY_NUMBER='1' AIRFLOW_CTX_DAG_RUN_ID='scheduled__2025-10-03T00:00:00+00:00'
[2025-10-04T05:27:43.829+0000] {base.py:83} INFO - Using connection ID 'postgres_default' for task execution.
[2025-10-04T05:27:43.872+0000] {logging_mixin.py:188} WARNING - /opt/***/dags/sales_revenue_pipeline.py:58 UserWarning: pandas only supports SQLAlchemy connectable (engine/connection) or database string URI or sqlite3 DBAPI2 connection. Other DBAPI2 objects are not tested. Please consider using SQLAlchemy.
[2025-10-04T05:27:43.915+0000] {logging_mixin.py:188} INFO - ✅ Daily revenue data saved to CSV
[2025-10-04T05:27:43.933+0000] {logging_mixin.py:188} INFO -    order_date  daily_revenue
0  2024-01-01         3127.5
1  2024-01-02         1025.0
2  2024-01-03         1700.0
3  2024-01-04         1276.5
[2025-10-04T05:27:43.934+0000] {python.py:201} INFO - Done. Returned value was: None
[2025-10-04T05:27:43.956+0000] {taskinstance.py:1138} INFO - Marking task as SUCCESS. dag_id=sales_revenue_pipeline, task_id=calculate_daily_revenue, execution_date=20251003T000000, start_date=20251004T052743, end_date=20251004T052743
[2025-10-04T05:27:44.026+0000] {local_task_job_runner.py:234} INFO - Task exited with return code 0
[2025-10-04T05:27:44.109+0000] {taskinstance.py:3280} INFO - 2 downstream tasks scheduled from follow-on schedule check
