[2025-10-02T23:12:01.114+0000] {taskinstance.py:1956} INFO - Dependencies all met for dep_context=non-requeueable deps ti=<TaskInstance: sales_revenue_pipeline.create_sales_table manual__2025-10-02T23:11:49.984904+00:00 [queued]>
[2025-10-02T23:12:01.135+0000] {taskinstance.py:1956} INFO - Dependencies all met for dep_context=requeueable deps ti=<TaskInstance: sales_revenue_pipeline.create_sales_table manual__2025-10-02T23:11:49.984904+00:00 [queued]>
[2025-10-02T23:12:01.138+0000] {taskinstance.py:2170} INFO - Starting attempt 1 of 2
[2025-10-02T23:12:01.193+0000] {taskinstance.py:2191} INFO - Executing <Task(PythonOperator): create_sales_table> on 2025-10-02 23:11:49.984904+00:00
[2025-10-02T23:12:01.270+0000] {standard_task_runner.py:60} INFO - Started process 251 to run task
[2025-10-02T23:12:01.324+0000] {standard_task_runner.py:87} INFO - Running: ['***', 'tasks', 'run', 'sales_revenue_pipeline', 'create_sales_table', 'manual__2025-10-02T23:11:49.984904+00:00', '--job-id', '3', '--raw', '--subdir', 'DAGS_FOLDER/sales_revenue_pipeline.py', '--cfg-path', '/tmp/tmpetofq7n0']
[2025-10-02T23:12:01.467+0000] {standard_task_runner.py:88} INFO - Job 3: Subtask create_sales_table
[2025-10-02T23:12:03.304+0000] {task_command.py:423} INFO - Running <TaskInstance: sales_revenue_pipeline.create_sales_table manual__2025-10-02T23:11:49.984904+00:00 [running]> on host dcf7c9b4a5d6
[2025-10-02T23:12:04.217+0000] {taskinstance.py:2480} INFO - Exporting env vars: AIRFLOW_CTX_DAG_OWNER='***' AIRFLOW_CTX_DAG_ID='sales_revenue_pipeline' AIRFLOW_CTX_TASK_ID='create_sales_table' AIRFLOW_CTX_EXECUTION_DATE='2025-10-02T23:11:49.984904+00:00' AIRFLOW_CTX_TRY_NUMBER='1' AIRFLOW_CTX_DAG_RUN_ID='manual__2025-10-02T23:11:49.984904+00:00'
[2025-10-02T23:12:04.593+0000] {base.py:83} INFO - Using connection ID 'postgres_default' for task execution.
[2025-10-02T23:12:04.667+0000] {sql.py:450} INFO - Running statement: 
    CREATE TABLE IF NOT EXISTS sales (
        id SERIAL PRIMARY KEY,
        order_date DATE NOT NULL,
        product_name VARCHAR(100),
        quantity INTEGER,
        unit_price DECIMAL(10,2),
        total_amount DECIMAL(10,2)
    );
    , parameters: None
[2025-10-02T23:12:04.970+0000] {base.py:83} INFO - Using connection ID 'postgres_default' for task execution.
[2025-10-02T23:12:04.994+0000] {sql.py:450} INFO - Running statement: DELETE FROM sales;, parameters: None
[2025-10-02T23:12:05.002+0000] {sql.py:459} INFO - Rows affected: 0
[2025-10-02T23:12:05.083+0000] {base.py:83} INFO - Using connection ID 'postgres_default' for task execution.
[2025-10-02T23:12:05.115+0000] {sql.py:450} INFO - Running statement: 
    INSERT INTO sales (order_date, product_name, quantity, unit_price, total_amount)
    VALUES 
        ('2024-01-01', 'Laptop', 2, 1500.00, 3000.00),
        ('2024-01-01', 'Mouse', 5, 25.50, 127.50),
        ('2024-01-02', 'Keyboard', 3, 75.00, 225.00),
        ('2024-01-02', 'Monitor', 1, 800.00, 800.00),
        ('2024-01-03', 'Laptop', 1, 1500.00, 1500.00),
        ('2024-01-03', 'Headphones', 4, 50.00, 200.00),
        ('2024-01-04', 'Tablet', 2, 600.00, 1200.00),
        ('2024-01-04', 'Mouse', 3, 25.50, 76.50);
    , parameters: None
[2025-10-02T23:12:05.137+0000] {sql.py:459} INFO - Rows affected: 8
[2025-10-02T23:12:05.147+0000] {logging_mixin.py:188} INFO - ✅ Sales table created and sample data inserted successfully
[2025-10-02T23:12:05.150+0000] {python.py:201} INFO - Done. Returned value was: None
[2025-10-02T23:12:05.186+0000] {taskinstance.py:1138} INFO - Marking task as SUCCESS. dag_id=sales_revenue_pipeline, task_id=create_sales_table, execution_date=20251002T231149, start_date=20251002T231201, end_date=20251002T231205
[2025-10-02T23:12:05.298+0000] {local_task_job_runner.py:234} INFO - Task exited with return code 0
[2025-10-02T23:12:05.402+0000] {taskinstance.py:3280} INFO - 1 downstream tasks scheduled from follow-on schedule check
