[2025-10-02T23:17:26.889+0000] {taskinstance.py:1956} INFO - Dependencies all met for dep_context=non-requeueable deps ti=<TaskInstance: sales_revenue_pipeline.generate_report scheduled__2025-10-01T00:00:00+00:00 [queued]>
[2025-10-02T23:17:27.043+0000] {taskinstance.py:1956} INFO - Dependencies all met for dep_context=requeueable deps ti=<TaskInstance: sales_revenue_pipeline.generate_report scheduled__2025-10-01T00:00:00+00:00 [queued]>
[2025-10-02T23:17:27.054+0000] {taskinstance.py:2170} INFO - Starting attempt 1 of 2
[2025-10-02T23:17:27.332+0000] {taskinstance.py:2191} INFO - Executing <Task(PythonOperator): generate_report> on 2025-10-01 00:00:00+00:00
[2025-10-02T23:17:27.371+0000] {standard_task_runner.py:60} INFO - Started process 334 to run task
[2025-10-02T23:17:27.383+0000] {standard_task_runner.py:87} INFO - Running: ['***', 'tasks', 'run', 'sales_revenue_pipeline', 'generate_report', 'scheduled__2025-10-01T00:00:00+00:00', '--job-id', '11', '--raw', '--subdir', 'DAGS_FOLDER/sales_revenue_pipeline.py', '--cfg-path', '/tmp/tmpf6mreb2i']
[2025-10-02T23:17:27.394+0000] {standard_task_runner.py:88} INFO - Job 11: Subtask generate_report
[2025-10-02T23:17:28.007+0000] {task_command.py:423} INFO - Running <TaskInstance: sales_revenue_pipeline.generate_report scheduled__2025-10-01T00:00:00+00:00 [running]> on host dcf7c9b4a5d6
[2025-10-02T23:17:28.834+0000] {taskinstance.py:2480} INFO - Exporting env vars: AIRFLOW_CTX_DAG_OWNER='***' AIRFLOW_CTX_DAG_ID='sales_revenue_pipeline' AIRFLOW_CTX_TASK_ID='generate_report' AIRFLOW_CTX_EXECUTION_DATE='2025-10-01T00:00:00+00:00' AIRFLOW_CTX_TRY_NUMBER='1' AIRFLOW_CTX_DAG_RUN_ID='scheduled__2025-10-01T00:00:00+00:00'
[2025-10-02T23:17:28.858+0000] {logging_mixin.py:188} INFO - 
    📊 DAILY REVENUE REPORT 📊
    ================================
    Total Period: 4 days
    Total Revenue: $7,129.00
    Average Daily Revenue: $1,782.25
    Best Performing Day: 2024-01-01 - $3,127.50
    Lowest Revenue Day: 2024-01-02 - $1,025.00
    ================================
    
[2025-10-02T23:17:28.862+0000] {logging_mixin.py:188} INFO - ✅ Revenue report generated successfully
[2025-10-02T23:17:28.864+0000] {python.py:201} INFO - Done. Returned value was: None
[2025-10-02T23:17:28.885+0000] {taskinstance.py:1138} INFO - Marking task as SUCCESS. dag_id=sales_revenue_pipeline, task_id=generate_report, execution_date=20251001T000000, start_date=20251002T231726, end_date=20251002T231728
[2025-10-02T23:17:28.951+0000] {local_task_job_runner.py:234} INFO - Task exited with return code 0
[2025-10-02T23:17:28.980+0000] {taskinstance.py:3280} INFO - 0 downstream tasks scheduled from follow-on schedule check
